android/app/build/outputs/mapping/devRelease/configuration.txt
# The proguard configuration file for the following section is devRelease\processDevReleaseResources\aapt_rules.txt
-keep class androidx.core.app.CoreComponentFactory { <init>(); }
-keep class androidx.profileinstaller.ProfileInstallReceiver { <init>(); }
-keep class androidx.room.MultiInstanceInvalidationService { <init>(); }
-keep class androidx.startup.InitializationProvider { <init>(); }
-keep class androidx.work.impl.background.systemalarm.ConstraintProxy$BatteryChargingProxy { <init>(); }
-keep class androidx.work.impl.background.systemalarm.ConstraintProxy$BatteryNotLowProxy { <init>(); }
-keep class androidx.work.impl.background.systemalarm.ConstraintProxy$NetworkStateProxy { <init>(); }
-keep class androidx.work.impl.background.systemalarm.ConstraintProxy$StorageNotLowProxy { <init>(); }
-keep class androidx.work.impl.background.systemalarm.ConstraintProxyUpdateReceiver { <init>(); }
-keep class androidx.work.impl.background.systemalarm.RescheduleReceiver { <init>(); }
-keep class androidx.work.impl.background.systemalarm.SystemAlarmService { <init>(); }
-keep class androidx.work.impl.background.systemjob.SystemJobService { <init>(); }
-keep class androidx.work.impl.diagnostics.DiagnosticsReceiver { <init>(); }
-keep class androidx.work.impl.foreground.SystemForegroundService { <init>(); }
-keep class androidx.work.impl.utils.ForceStopRunnable$BroadcastReceiver { <init>(); }
-keep class com.digitalsignage.player.DigitalSignageApplication { <init>(); }
-keep class com.digitalsignage.player.core.kiosk.SignageDeviceAdminReceiver { <init>(); }
-keep class com.digitalsignage.player.core.recovery.BootReceiver { <init>(); }
-keep class com.digitalsignage.player.ui.PlaybackActivity { <init>(); }
-keep class com.digitalsignage.player.ui.SplashActivity { <init>(); }
-keep class android.widget.Space { <init>(android.content.Context, android.util.AttributeSet); }

-keep class androidx.appcompat.app.AlertController$RecycleListView { <init>(android.content.Context, android.util.AttributeSet); }

-keep class androidx.appcompat.view.menu.ActionMenuItemView { <init>(android.content.Context, android.util.AttributeSet); }

-keep class androidx.appcompat.view.menu.ExpandedMenuView { <init>(android.content.Context, android.util.AttributeSet); }

-keep class androidx.appcompat.view.menu.ListMenuItemView { <init>(android.content.Context, android.util.AttributeSet); }

-keep class androidx.appcompat.widget.ActionBarContainer { <init>(android.content.Context, android.util.AttributeSet); }

-keep class androidx.appcompat.widget.ActionBarContextView { <init>(android.content.Context, android.util.AttributeSet); }

-keep class androidx.appcompat.widget.ActionBarOverlayLayout { <init>(android.content.Context, android.util.AttributeSet); }

-keep class androidx.appcompat.widget.ActionMenuView { <init>(android.content.Context, android.util.AttributeSet); }

-keep class androidx.appcompat.widget.ActivityChooserView$InnerLayout { <init>(android.content.Context, android.util.AttributeSet); }

-keep class androidx.appcompat.widget.AlertDialogLayout { <init>(android.content.Context, android.util.AttributeSet); }

-keep class androidx.appcompat.widget.ButtonBarLayout { <init>(android.content.Context, android.util.AttributeSet); }

-keep class androidx.appcompat.widget.ContentFrameLayout { <init>(android.content.Context, android.util.AttributeSet); }

-keep class androidx.appcompat.widget.DialogTitle { <init>(android.content.Context, android.util.AttributeSet); }

-keep class androidx.appcompat.widget.FitWindowsFrameLayout { <init>(android.content.Context, android.util.AttributeSet); }

-keep class androidx.appcompat.widget.FitWindowsLinearLayout { <init>(android.content.Context, android.util.AttributeSet); }

-keep class androidx.appcompat.widget.SearchView$SearchAutoComplete { <init>(android.content.Context, android.util.AttributeSet); }

-keep class androidx.appcompat.widget.Toolbar { <init>(android.content.Context, android.util.AttributeSet); }

-keep class androidx.appcompat.widget.ViewStubCompat { <init>(android.content.Context, android.util.AttributeSet); }

-keep class androidx.core.widget.NestedScrollView { <init>(android.content.Context, android.util.AttributeSet); }

-keep class androidx.leanback.app.GuidedStepRootLayout { <init>(android.content.Context, android.util.AttributeSet); }

-keep class androidx.leanback.transition.FadeAndShortSlide { <init>(android.content.Context, android.util.AttributeSet); }

-keep class androidx.leanback.transition.ParallaxTransition { <init>(android.content.Context, android.util.AttributeSet); }

-keep class androidx.leanback.transition.SlideKitkat { <init>(android.content.Context, android.util.AttributeSet); }

-keep class androidx.leanback.transition.SlideNoPropagation { <init>(android.content.Context, android.util.AttributeSet); }

-keep class androidx.leanback.widget.BrowseFrameLayout { <init>(android.content.Context, android.util.AttributeSet); }

-keep class androidx.leanback.widget.BrowseRowsFrameLayout { <init>(android.content.Context, android.util.AttributeSet); }

-keep class androidx.leanback.widget.CheckableImageView { <init>(android.content.Context, android.util.AttributeSet); }

-keep class androidx.leanback.widget.ControlBar { <init>(android.content.Context, android.util.AttributeSet); }

-keep class androidx.leanback.widget.GuidanceStylingRelativeLayout { <init>(android.content.Context, android.util.AttributeSet); }

-keep class androidx.leanback.widget.GuidedActionEditText { <init>(android.content.Context, android.util.AttributeSet); }

-keep class androidx.leanback.widget.GuidedActionItemContainer { <init>(android.content.Context, android.util.AttributeSet); }

-keep class androidx.leanback.widget.GuidedActionsRelativeLayout { <init>(android.content.Context, android.util.AttributeSet); }

-keep class androidx.leanback.widget.HorizontalGridView { <init>(android.content.Context, android.util.AttributeSet); }

-keep class androidx.leanback.widget.MediaNowPlayingView { <init>(android.content.Context, android.util.AttributeSet); }

-keep class androidx.leanback.widget.MediaRowFocusView { <init>(android.content.Context, android.util.AttributeSet); }

-keep class androidx.leanback.widget.NonOverlappingFrameLayout { <init>(android.content.Context, android.util.AttributeSet); }

-keep class androidx.leanback.widget.NonOverlappingLinearLayout { <init>(android.content.Context, android.util.AttributeSet); }

-keep class androidx.leanback.widget.NonOverlappingRelativeLayout { <init>(android.content.Context, android.util.AttributeSet); }

-keep class androidx.leanback.widget.NonOverlappingView { <init>(android.content.Context, android.util.AttributeSet); }

-keep class androidx.leanback.widget.PagingIndicator { <init>(android.content.Context, android.util.AttributeSet); }

-keep class androidx.leanback.widget.PlaybackControlsRowView { <init>(android.content.Context, android.util.AttributeSet); }

-keep class androidx.leanback.widget.PlaybackTransportRowView { <init>(android.content.Context, android.util.AttributeSet); }

-keep class androidx.leanback.widget.ResizingTextView { <init>(android.content.Context, android.util.AttributeSet); }

-keep class androidx.leanback.widget.RowHeaderView { <init>(android.content.Context, android.util.AttributeSet); }

-keep class androidx.leanback.widget.ScaleFrameLayout { <init>(android.content.Context, android.util.AttributeSet); }

-keep class androidx.leanback.widget.SearchBar { <init>(android.content.Context, android.util.AttributeSet); }

-keep class androidx.leanback.widget.SearchEditText { <init>(android.content.Context, android.util.AttributeSet); }

-keep class androidx.leanback.widget.SearchOrbView { <init>(android.content.Context, android.util.AttributeSet); }

-keep class androidx.leanback.widget.SeekBar { <init>(android.content.Context, android.util.AttributeSet); }

-keep class androidx.leanback.widget.SpeechOrbView { <init>(android.content.Context, android.util.AttributeSet); }

-keep class androidx.leanback.widget.ThumbsBar { <init>(android.content.Context, android.util.AttributeSet); }

-keep class androidx.leanback.widget.TitleView { <init>(android.content.Context, android.util.AttributeSet); }

-keep class androidx.leanback.widget.VerticalGridView { <init>(android.content.Context, android.util.AttributeSet); }

-keep class androidx.leanback.widget.VideoSurfaceView { <init>(android.content.Context, android.util.AttributeSet); }

-keep class androidx.leanback.widget.picker.DatePicker { <init>(android.content.Context, android.util.AttributeSet); }

-keep class androidx.media3.ui.AspectRatioFrameLayout { <init>(android.content.Context, android.util.AttributeSet); }

-keep class androidx.media3.ui.PlayerView { <init>(android.content.Context, android.util.AttributeSet); }

-keep class androidx.media3.ui.SubtitleView { <init>(android.content.Context, android.util.AttributeSet); }

-keep class androidx.media3.ui.TrackSelectionView { <init>(android.content.Context, android.util.AttributeSet); }

-keep class androidx.recyclerview.widget.RecyclerView { <init>(android.content.Context, android.util.AttributeSet); }


# End of content from devRelease\processDevReleaseResources\aapt_rules.txt
# The proguard configuration file for the following section is default_proguard_files\global\proguard-android-optimize.txt-8.7.0
# This is a configuration file for ProGuard.
# http://proguard.sourceforge.net/index.html#manual/usage.html
#
# Starting with version 2.2 of the Android plugin for Gradle, this file is distributed together with
# the plugin and unpacked at build-time. The files in $ANDROID_HOME are no longer maintained and
# will be ignored by new version of the Android plugin for Gradle.

# Optimizations: If you don't want to optimize, use the proguard-android.txt configuration file
# instead of this one, which turns off the optimization flags.
-allowaccessmodification

# Preserve some attributes that may be required for reflection.
-keepattributes AnnotationDefault,
                EnclosingMethod,
                InnerClasses,
                RuntimeVisibleAnnotations,
                RuntimeVisibleParameterAnnotations,
                RuntimeVisibleTypeAnnotations,
                Signature

-keep public class com.google.vending.licensing.ILicensingService
-keep public class com.android.vending.licensing.ILicensingService
-keep public class com.google.android.vending.licensing.ILicensingService
-dontnote com.android.vending.licensing.ILicensingService
-dontnote com.google.vending.licensing.ILicensingService
-dontnote com.google.android.vending.licensing.ILicensingService

# For native methods, see https://www.guardsquare.com/manual/configuration/examples#native
-keepclasseswithmembernames,includedescriptorclasses class * {
    native <methods>;
}

# Keep setters in Views so that animations can still work.
-keepclassmembers public class * extends android.view.View {
    void set*(***);
    *** get*();
}

# We want to keep methods in Activity that could be used in the XML attribute onClick.
-keepclassmembers class * extends android.app.Activity {
    public void *(android.view.View);
}

# For enumeration classes, see https://www.guardsquare.com/manual/configuration/examples#enumerations
-keepclassmembers enum * {
    public static **[] values();
    public static ** valueOf(java.lang.String);
}

-keepclassmembers class * implements android.os.Parcelable {
    public static final ** CREATOR;
}

# Preserve annotated Javascript interface methods.
-keepclassmembers class * {
    @android.webkit.JavascriptInterface <methods>;
}

# The support libraries contains references to newer platform versions.
# Don't warn about those in case this app is linking against an older
# platform version. We know about them, and they are safe.
-dontnote android.support.**
-dontnote androidx.**
-dontwarn android.support.**
-dontwarn androidx.**

# Understand the @Keep support annotation.
-keep class android.support.annotation.Keep

-keep @android.support.annotation.Keep class * {*;}

-keepclasseswithmembers class * {
    @android.support.annotation.Keep <methods>;
}

-keepclasseswithmembers class * {
    @android.support.annotation.Keep <fields>;
}

-keepclasseswithmembers class * {
    @android.support.annotation.Keep <init>(...);
}

# These classes are duplicated between android.jar and org.apache.http.legacy.jar.
-dontnote org.apache.http.**
-dontnote android.net.http.**

# These classes are duplicated between android.jar and core-lambda-stubs.jar.
-dontnote java.lang.invoke.**

# End of content from default_proguard_files\global\proguard-android-optimize.txt-8.7.0
# The proguard configuration file for the following section is android\app\proguard-rules.pro
# ProGuard/R8 Rules for Digital Signage Android TV Player

# Dagger / Hilt
-keep class dagger.** { *; }
-keep class hilt_aggregated_deps.** { *; }
-keep class dagger.hilt.internal.aggregatedroot.codegen.** { *; }
-keep class dagger.hilt.internal.processedrootsentinel.codegen.** { *; }
-keep class dagger.hilt.internal.definecomponent.codegen.** { *; }
-keep class dagger.hilt.android.internal.managers.** { *; }
-keep class * extends dagger.hilt.android.components.ViewModelComponent

# Retrofit & OkHttp
-keepattributes Signature, InnerClasses, EnclosingMethod
-keepattributes RuntimeVisibleAnnotations, RuntimeVisibleParameterAnnotations
-keepclassmembers,allowshrinking,allowobfuscation interface * {
    @retrofit2.http.* <methods>;
}
-dontwarn okhttp3.**
-dontwarn okio.**
-dontwarn retrofit2.**

# Moshi
-keep class com.squareup.moshi.** { *; }
-keep interface com.squareup.moshi.** { *; }
-keepclassmembers class * {
    @com.squareup.moshi.Json <fields>;
}

# Room
-keep class androidx.room.** { *; }
-keepclassmembers class * {
    @androidx.room.PrimaryKey <fields>;
    @androidx.room.ColumnInfo <fields>;
}

# Coroutines
-keepnames class kotlinx.coroutines.internal.MainDispatcherFactory {}
-keepnames class kotlinx.coroutines.CoroutineExceptionHandler {}

# ExoPlayer / Media3
-keep class androidx.media3.** { *; }
-dontwarn androidx.media3.**

# Data Models
-keep class com.digitalsignage.player.domain.model.** { *; }
-keep class com.digitalsignage.player.data.remote.dto.** { *; }

# End of content from android\app\proguard-rules.pro
# The proguard configuration file for the following section is transformed\appcompat-1.7.0\proguard.txt
# Copyright (C) 2018 The Android Open Source Project
#
# Licensed under the Apache License, Version 2.0 (the "License");
# you may not use this file except in compliance with the License.
# You may obtain a copy of the License at
#
#      http://www.apache.org/licenses/LICENSE-2.0
#
# Unless required by applicable law or agreed to in writing, software
# distributed under the License is distributed on an "AS IS" BASIS,
# WITHOUT WARRANTIES OR CONDITIONS OF ANY KIND, either express or implied.
# See the License for the specific language governing permissions and
# limitations under the License.

# Never inline methods, but allow shrinking and obfuscation.
-keepclassmembernames,allowobfuscation,allowshrinking class androidx.appcompat.widget.AppCompatTextViewAutoSizeHelper$Impl* {
  <methods>;
}

# End of content from transformed\appcompat-1.7.0\proguard.txt
# The proguard configuration file for the following section is transformed\hilt-work-1.2.0\proguard.txt
# Keep class names of Hilt injected Workers since their name are used as a multibinding map key.
-keepnames @androidx.hilt.work.HiltWorker class * extends androidx.work.ListenableWorker
# End of content from transformed\hilt-work-1.2.0\proguard.txt
# The proguard configuration file for the following section is transformed\hilt-android-2.51.1\proguard.txt
# Keep for the reflective cast done in EntryPoints.
# See b/183070411#comment4 for more info.
-keep,allowobfuscation,allowshrinking @dagger.hilt.EntryPoint class *# Keep for the reflective cast done in EntryPoints.
# See b/183070411#comment4 for more info.
-keep,allowobfuscation,allowshrinking @dagger.hilt.android.EarlyEntryPoint class *# Keep for the reflective cast done in EntryPoints.
# See b/183070411#comment4 for more info.
-keep,allowobfuscation,allowshrinking @dagger.hilt.internal.ComponentEntryPoint class *
-keep,allowobfuscation,allowshrinking @dagger.hilt.internal.GeneratedEntryPoint class *
# End of content from transformed\hilt-android-2.51.1\proguard.txt
# The proguard configuration file for the following section is transformed\fragment-1.5.4\proguard.txt
# Copyright (C) 2020 The Android Open Source Project
#
# Licensed under the Apache License, Version 2.0 (the "License");
# you may not use this file except in compliance with the License.
# You may obtain a copy of the License at
#
#      http://www.apache.org/licenses/LICENSE-2.0
#
# Unless required by applicable law or agreed to in writing, software
# distributed under the License is distributed on an "AS IS" BASIS,
# WITHOUT WARRANTIES OR CONDITIONS OF ANY KIND, either express or implied.
# See the License for the specific language governing permissions and
# limitations under the License.

# The default FragmentFactory creates Fragment instances using reflection
-if public class ** extends androidx.fragment.app.Fragment
-keepclasseswithmembers,allowobfuscation public class <1> {
    public <init>();
}

# End of content from transformed\fragment-1.5.4\proguard.txt
# The proguard configuration file for the following section is transformed\media3-ui-1.3.1\proguard.txt
# Proguard rules specific to the UI module.

# Constructor method accessed via reflection in PlayerView
-dontnote androidx.media3.exoplayer.video.spherical.SphericalGLSurfaceView
-keepclassmembers class androidx.media3.exoplayer.video.spherical.SphericalGLSurfaceView {
  <init>(android.content.Context);
}
-dontnote androidx.media3.exoplayer.video.VideoDecoderGLSurfaceView
-keepclassmembers class androidx.media3.exoplayer.video.VideoDecoderGLSurfaceView {
  <init>(android.content.Context);
}

# Constructor method accessed via reflection in TrackSelectionDialogBuilder
-dontnote androidx.appcompat.app.AlertDialog.Builder
-keepclassmembers class androidx.appcompat.app.AlertDialog$Builder {
  <init>(android.content.Context, int);
  public android.content.Context getContext();
  public androidx.appcompat.app.AlertDialog$Builder setTitle(java.lang.CharSequence);
  public androidx.appcompat.app.AlertDialog$Builder setView(android.view.View);
  public androidx.appcompat.app.AlertDialog$Builder setPositiveButton(int, android.content.DialogInterface$OnClickListener);
  public androidx.appcompat.app.AlertDialog$Builder setNegativeButton(int, android.content.DialogInterface$OnClickListener);
  public androidx.appcompat.app.AlertDialog create();
}
# Equivalent methods needed when the library is de-jetified.
-dontnote android.support.v7.app.AlertDialog.Builder
-keepclassmembers class android.support.v7.app.AlertDialog$Builder {
  <init>(android.content.Context, int);
  public android.content.Context getContext();
  public android.support.v7.app.AlertDialog$Builder setTitle(java.lang.CharSequence);
  public android.support.v7.app.AlertDialog$Builder setView(android.view.View);
  public android.support.v7.app.AlertDialog$Builder setPositiveButton(int, android.content.DialogInterface$OnClickListener);
  public android.support.v7.app.AlertDialog$Builder setNegativeButton(int, android.content.DialogInterface$OnClickListener);
  public android.support.v7.app.AlertDialog create();
}

# Don't warn about checkerframework and Kotlin annotations
-dontwarn org.checkerframework.**
-dontwarn kotlin.annotations.jvm.**
-dontwarn javax.annotation.**

# End of content from transformed\media3-ui-1.3.1\proguard.txt
# The proguard configuration file for the following section is transformed\media3-extractor-1.3.1\proguard.txt
# Proguard rules specific to the extractor module.

# Methods accessed via reflection in DefaultExtractorsFactory
-dontnote androidx.media3.decoder.flac.FlacExtractor