android/app/build/outputs/mapping/devRelease/seeds.txt
com.digitalsignage.player.data.remote.dto.HeartbeatPayload
com.digitalsignage.player.ui.PlaybackActivity
com.digitalsignage.player.DigitalSignageApplication_GeneratedInjector
com.digitalsignage.player.DigitalSignageApplication
com.digitalsignage.player.domain.model.Playlist
com.digitalsignage.player.DaggerDigitalSignageApplication_HiltComponents_SingletonC$ViewModelCImpl
com.digitalsignage.player.data.remote.dto.MediaItemDto
com.digitalsignage.player.core.recovery.BootReceiver_GeneratedInjector
com.digitalsignage.player.core.kiosk.SignageDeviceAdminReceiver_GeneratedInjector
com.digitalsignage.player.data.local.AppDatabase
com.digitalsignage.player.data.local.AppDatabase_Impl
com.digitalsignage.player.data.remote.dto.PlaylistSyncResponse
com.digitalsignage.player.core.kiosk.SignageDeviceAdminReceiver
com.digitalsignage.player.ui.SplashActivity
com.digitalsignage.player.core.recovery.BootReceiver
com.digitalsignage.player.domain.model.PlaylistState
com.digitalsignage.player.DigitalSignageApplication_HiltComponents$ViewModelC
com.digitalsignage.player.domain.model.DownloadState
com.digitalsignage.player.ui.PlaybackActivity_GeneratedInjector
com.digitalsignage.player.data.remote.ApiService
com.digitalsignage.player.workers.heartbeat.HeartbeatWorker
com.digitalsignage.player.network.ApiService
com.digitalsignage.player.domain.model.MediaItem
com.digitalsignage.player.domain.model.MediaType
com.digitalsignage.player.data.remote.dto.HeartbeatPayload: java.lang.String networkType
com.digitalsignage.player.domain.model.MediaItem: java.lang.String sha256Hash
com.digitalsignage.player.data.remote.dto.HeartbeatPayload: long availableMemoryBytes
com.digitalsignage.player.domain.model.Playlist: java.util.List items
com.digitalsignage.player.domain.model.PlaylistState: com.digitalsignage.player.domain.model.PlaylistState ACTIVE
com.digitalsignage.player.domain.model.DownloadState: com.digitalsignage.player.domain.model.DownloadState QUEUED
com.digitalsignage.player.data.remote.dto.PlaylistSyncResponse: java.lang.String playlistId
com.digitalsignage.player.domain.model.DownloadState: com.digitalsignage.player.domain.model.DownloadState DOWNLOADING
com.digitalsignage.player.data.remote.dto.HeartbeatPayload: java.lang.String manufacturer
com.digitalsignage.player.data.remote.dto.HeartbeatPayload: java.lang.String androidVersion
com.digitalsignage.player.domain.model.MediaItem: int order
com.digitalsignage.player.data.remote.dto.PlaylistSyncResponse: int version
com.digitalsignage.player.domain.model.DownloadState: com.digitalsignage.player.domain.model.DownloadState[] $VALUES
com.digitalsignage.player.data.remote.dto.MediaItemDto: java.lang.String mediaType
com.digitalsignage.player.domain.model.Playlist: int version
com.digitalsignage.player.data.remote.dto.HeartbeatPayload: java.lang.String model
com.digitalsignage.player.data.remote.dto.MediaItemDto: long durationMs
com.digitalsignage.player.domain.model.DownloadState: com.digitalsignage.player.domain.model.DownloadState FAILED
com.digitalsignage.player.data.remote.dto.HeartbeatPayload: long currentPositionMs
com.digitalsignage.player.domain.model.MediaType: com.digitalsignage.player.domain.model.MediaType AUDIO
com.digitalsignage.player.domain.model.MediaType: com.digitalsignage.player.domain.model.MediaType HTML
com.digitalsignage.player.data.remote.dto.HeartbeatPayload: int appVersionCode
com.digitalsignage.player.domain.model.PlaylistState: com.digitalsignage.player.domain.model.PlaylistState ARCHIVED
com.digitalsignage.player.data.remote.dto.HeartbeatPayload: long totalMemoryBytes
com.digitalsignage.player.domain.model.DownloadState: com.digitalsignage.player.domain.model.DownloadState CANCELLED
com.digitalsignage.player.domain.model.MediaItem: java.lang.String mediaId
com.digitalsignage.player.domain.model.DownloadState: com.digitalsignage.player.domain.model.DownloadState PAUSED
com.digitalsignage.player.domain.model.MediaType: com.digitalsignage.player.domain.model.MediaType VIDEO
...
androidx.media3.extractor.text.cea.Cea708Decoder$CueInfoBuilder: int COLOR_TRANSPARENT
androidx.media3.extractor.ChunkIndex: long[] timesUs
androidx.media3.extractor.ts.LatmReader: int channelCount
androidx.media3.common.text.Cue$Builder: int lineAnchor
androidx.media3.extractor.mkv.MatroskaExtractor: long blockDurationUs
androidx.media3.exoplayer.dash.DashMediaSource: androidx.media3.datasource.DataSource dataSource
androidx.media3.ui.R$drawable: int exo_legacy_controls_repeat_off
androidx.media3.extractor.wav.WavExtractor$ImaAdPcmOutputWriter: int[] STEP_TABLE
androidx.media3.ui.R$styleable: int GradientColor_android_centerY
androidx.media3.ui.PlayerControlView: java.lang.String repeatOneButtonContentDescription
androidx.media3.extractor.ExtractorOutput: androidx.media3.extractor.ExtractorOutput PLACEHOLDER
androidx.media3.extractor.text.ssa.SsaParser: java.util.Map styles
androidx.media3.common.MediaItem: androidx.media3.common.MediaItem EMPTY
androidx.media3.extractor.text.webvtt.WebvttCssStyle: int FONT_SIZE_UNIT_EM
androidx.media3.extractor.ts.TsExtractor: int MODE_MULTI_PMT
androidx.media3.extractor.text.ttml.TextEmphasis: java.util.regex.Pattern WHITESPACE_PATTERN
androidx.media3.exoplayer.video.DecoderVideoRenderer: androidx.media3.decoder.DecoderInputBuffer inputBuffer
androidx.media3.common.util.GlProgram: java.util.Map attributeByName
androidx.media3.exoplayer.source.BaseMediaSource: androidx.media3.common.Timeline timeline
androidx.media3.extractor.text.cea.CeaDecoder: androidx.media3.extractor.text.cea.CeaDecoder$CeaInputBuffer dequeuedInputBuffer
androidx.media3.ui.R$styleable: int[] GradientColor
androidx.media3.container.NalUnitUtil$SpsData: int picOrderCntLsbLength
androidx.media3.extractor.GaplessInfoHolder: java.lang.String GAPLESS_DOMAIN
androidx.media3.extractor.ts.TsExtractor: int TS_STREAM_TYPE_SPLICE_INFO
androidx.media3.exoplayer.mediacodec.AsynchronousMediaCodecCallback: java.lang.Object lock
androidx.media3.common.MediaMetadata: java.lang.String FIELD_DISC_NUMBER
androidx.media3.datasource.HttpEngineDataSource: com.google.common.base.Predicate contentTypePredicate
androidx.media3.exoplayer.audio.OggOpusAudioPacketizer: int OGG_PACKET_HEADER_LENGTH
androidx.media3.exoplayer.analytics.PlaybackStatsListener$PlaybackStatsTracker: boolean isAd
androidx.media3.exoplayer.DefaultLivePlaybackSpeedControl: float adjustedPlaybackSpeed
androidx.media3.ui.LegacyPlayerControlView: java.lang.Runnable hideAction
androidx.media3.common.Timeline$Period: java.lang.Object id
androidx.media3.common.util.ParsableByteArray: char[] LF
androidx.media3.ui.R$color: int exo_bottom_bar_background
androidx.media3.extractor.wav.WavExtractor: androidx.media3.extractor.TrackOutput trackOutput
androidx.media3.exoplayer.source.ads.ServerSideAdInsertionMediaSource$SharedMediaPeriod: boolean isPrepared
androidx.media3.exoplayer.analytics.PlaybackStatsListener$PlaybackStatsTracker: long videoFormatBitrateTimeProduct
androidx.media3.exoplayer.R$style: int TextAppearance_Compat_Notification_Line2
androidx.media3.exoplayer.source.chunk.BundledChunkExtractor$BindingTrackOutput: androidx.media3.common.Format sampleFormat
androidx.media3.ui.SubtitlePainter: float cuePosition
androidx.media3.extractor.mp3.XingFrame: int encoderPadding
androidx.media3.exoplayer.ExoPlayerImpl: int maskingWindowIndex
androidx.room.QueryInterceptorStatement: java.util.List bindArgsCache
androidx.room.util.TableInfo: java.lang.String name
androidx.media3.exoplayer.DefaultMediaClock: androidx.media3.exoplayer.Renderer rendererClockSource
androidx.media3.exoplayer.audio.DefaultAudioSink: java.lang.String TAG
androidx.media3.common.util.Util: java.lang.String[] additionalIsoLanguageReplacements
androidx.media3.exoplayer.drm.DefaultDrmSession: android.os.Looper playbackLooper
androidx.media3.extractor.mp4.TrackFragment: long nextFragmentDecodeTime