android/app/build/outputs/mapping/devRelease/usage.txt
com.digitalsignage.player.BuildConfig
com.digitalsignage.player.DaggerDigitalSignageApplication_HiltComponents_SingletonC$ActivityCImpl$LazyClassKeyProvider:
    com.digitalsignage.player.ui.splash.SplashViewModel com_digitalsignage_player_ui_splash_SplashViewModel2
    private void <init>()
com.digitalsignage.player.DaggerDigitalSignageApplication_HiltComponents_SingletonC$ViewModelCImpl$LazyClassKeyProvider:
    com.digitalsignage.player.ui.splash.SplashViewModel com_digitalsignage_player_ui_splash_SplashViewModel2
    private void <init>()
com.digitalsignage.player.DaggerDigitalSignageApplication_HiltComponents_SingletonC:
    private void <init>()
com.digitalsignage.player.DigitalSignageApplication:
    public final void setWorkerFactory(androidx.hilt.work.HiltWorkerFactory)
com.digitalsignage.player.DigitalSignageApplication_ComponentTreeDeps
com.digitalsignage.player.DigitalSignageApplication_HiltComponents$ActivityC$Builder
com.digitalsignage.player.DigitalSignageApplication_HiltComponents$ActivityCBuilderModule
com.digitalsignage.player.DigitalSignageApplication_HiltComponents$ActivityRetainedC$Builder
com.digitalsignage.player.DigitalSignageApplication_HiltComponents$ActivityRetainedCBuilderModule
com.digitalsignage.player.DigitalSignageApplication_HiltComponents$FragmentC$Builder
com.digitalsignage.player.DigitalSignageApplication_HiltComponents$FragmentCBuilderModule
com.digitalsignage.player.DigitalSignageApplication_HiltComponents$ServiceC$Builder
com.digitalsignage.player.DigitalSignageApplication_HiltComponents$ServiceCBuilderModule
com.digitalsignage.player.DigitalSignageApplication_HiltComponents$ViewC$Builder
com.digitalsignage.player.DigitalSignageApplication_HiltComponents$ViewCBuilderModule
com.digitalsignage.player.DigitalSignageApplication_HiltComponents$ViewModelC$Builder
com.digitalsignage.player.DigitalSignageApplication_HiltComponents$ViewModelCBuilderModule
com.digitalsignage.player.DigitalSignageApplication_HiltComponents$ViewWithFragmentC$Builder
com.digitalsignage.player.DigitalSignageApplication_HiltComponents$ViewWithFragmentCBuilderModule
com.digitalsignage.player.DigitalSignageApplication_HiltComponents
com.digitalsignage.player.DigitalSignageApplication_MembersInjector:
    private final javax.inject.Provider workerFactoryProvider
    public void <init>(javax.inject.Provider)
    public static dagger.MembersInjector create(javax.inject.Provider)
    public void injectMembers(com.digitalsignage.player.DigitalSignageApplication)
    public synthetic bridge void injectMembers(java.lang.Object)
com.digitalsignage.player.R$color
com.digitalsignage.player.R$id:
    private void <init>()
com.digitalsignage.player.R$layout:
    private void <init>()
com.digitalsignage.player.R$mipmap
com.digitalsignage.player.R$string
com.digitalsignage.player.R$style
com.digitalsignage.player.R$xml
com.digitalsignage.player.R
com.digitalsignage.player.core.config.ConfigurationProvider
com.digitalsignage.player.core.config.RuntimeConfigStore
com.digitalsignage.player.core.error.AppError$Fatal
com.digitalsignage.player.core.error.AppError$Recoverable:
    public final java.lang.String component1()
    public final java.lang.Exception component2()
    public final com.digitalsignage.player.core.error.AppError$Recoverable copy(java.lang.String,java.lang.Exception)
    public static synthetic com.digitalsignage.player.core.error.AppError$Recoverable copy$default(com.digitalsignage.player.core.error.AppError$Recoverable,java.lang.String,java.lang.Exception,int,java.lang.Object)
    public final java.lang.Exception getCauseException()
...
androidx.collection.ScatterMap$MapWrapper$entries$1
androidx.collection.ScatterMap$MapWrapper$keys$1$iterator$1
androidx.collection.ScatterMap$MapWrapper$keys$1
androidx.collection.ScatterMap$MapWrapper$values$1$iterator$1
androidx.collection.ScatterMap$MapWrapper$values$1
androidx.collection.ScatterMap$MapWrapper
androidx.collection.ScatterMap
androidx.collection.ScatterMapKt
androidx.collection.ScatterSet$SetWrapper$iterator$1
androidx.collection.ScatterSet$SetWrapper
androidx.collection.ScatterSet$toString$1
androidx.collection.ScatterSet
androidx.collection.ScatterSetKt
androidx.collection.SimpleArrayMap:
    public void <init>(androidx.collection.SimpleArrayMap)
    private final java.lang.Object getOrDefaultInternal(java.lang.Object,java.lang.Object)
    public void putAll(androidx.collection.SimpleArrayMap)
androidx.collection.SimpleArrayMapKt
androidx.collection.SparseArrayCompat:
    public boolean containsKey(int)
    public boolean containsValue(java.lang.Object)
    public void delete(int)
    public final boolean getIsEmpty()
    public int indexOfKey(int)
    public int indexOfValue(java.lang.Object)
    public boolean isEmpty()
    public void putAll(androidx.collection.SparseArrayCompat)
    public java.lang.Object putIfAbsent(int,java.lang.Object)
    public void remove(int)
    public boolean remove(int,java.lang.Object)
    public void removeAt(int)
    public void removeAtRange(int,int)
    public java.lang.Object replace(int,java.lang.Object)
    public boolean replace(int,java.lang.Object,java.lang.Object)
    public void setValueAt(int,java.lang.Object)
androidx.collection.SparseArrayCompatKt:
    public static final void commonAppend(androidx.collection.SparseArrayCompat,int,java.lang.Object)
    public static final void commonClear(androidx.collection.SparseArrayCompat)
    public static final boolean commonContainsKey(androidx.collection.SparseArrayCompat,int)
    public static final boolean commonContainsValue(androidx.collection.SparseArrayCompat,java.lang.Object)
    public static final int commonIndexOfKey(androidx.collection.SparseArrayCompat,int)
    public static final int commonIndexOfValue(androidx.collection.SparseArrayCompat,java.lang.Object)
    public static final boolean commonIsEmpty(androidx.collection.SparseArrayCompat)
    public static final int commonKeyAt(androidx.collection.SparseArrayCompat,int)
    public static final void commonPut(androidx.collection.SparseArrayCompat,int,java.lang.Object)
    public static final void commonPutAll(androidx.collection.SparseArrayCompat,androidx.collection.SparseArrayCompat)
    public static final java.lang.Object commonPutIfAbsent(androidx.collection.SparseArrayCompat,int,java.lang.Object)
    public static final void commonRemove(androidx.collection.SparseArrayCompat,int)
    public static final boolean commonRemove(androidx.collection.SparseArrayCompat,int,java.lang.Object)
    public static final void commonRemoveAt(androidx.collection.SparseArrayCompat,int)
    public static final void commonRemoveAtRange(androidx.collection.SparseArrayCompat,int,int)
androidx.collection.SparseArrayKt$keyIterator$1
androidx.collection.SparseArrayKt$valueIterator$1
androidx.collection.SparseArrayKt
androidx.collection.internal.Lock:
    public final java.lang.Object synchronizedImpl(kotlin.jvm.functions.Function0)
androidx.collection.internal.LockExtKt
androidx.collection.internal.LruHashMap:
    public void <init>()
    public synthetic void <init>(int,float,int,kotlin.jvm.internal.DefaultConstructorMarker)
    public void <init>(androidx.collection.internal.LruHashMap)
androidx.collection.internal.PackingHelpers_jvmKt
androidx.concurrent.futures.AbstractResolvableFuture$SetFuture:
    void <init>(androidx.concurrent.futures.AbstractResolvableFuture,com.google.common.util.concurrent.ListenableFuture)
    public void run()